<?xml version="1.0" encoding="UTF-8"?>
<testng-results ignored="0" total="1" passed="1" failed="0" skipped="0">
  <reporter-output>
  </reporter-output>
  <suite started-at="2023-06-02T12:30:18 IST" name="Default suite" finished-at="2023-06-02T12:30:18 IST" duration-ms="79">
    <groups>
    </groups>
    <test started-at="2023-06-02T12:30:18 IST" name="Default test" finished-at="2023-06-02T12:30:18 IST" duration-ms="79">
      <class name="Build1.Prg1">
        <test-method signature="demo1()[pri:0, instance:Build1.Prg1@429bffaa]" started-at="2023-06-02T12:30:18 IST" name="demo1" finished-at="2023-06-02T12:30:18 IST" duration-ms="14" status="PASS">
          <reporter-output>
          </reporter-output>
        </test-method> <!-- demo1 -->
      </class> <!-- Build1.Prg1 -->
    </test> <!-- Default test -->
  </suite> <!-- Default suite -->
</testng-results>
